<?xml version="1.0" encoding="UTF-8"?>
<testng-results ignored="0" total="5" passed="5" failed="0" skipped="0">
  <reporter-output>
  </reporter-output>
  <suite started-at="2024-07-16T17:05:47 IST" name="Suite" finished-at="2024-07-16T17:05:59 IST" duration-ms="12591">
    <groups>
    </groups>
    <test started-at="2024-07-16T17:05:47 IST" name="LoginTests" finished-at="2024-07-16T17:05:59 IST" duration-ms="12591">
      <class name="com.autotest.tests.LoginPageTests">
        <test-method is-config="true" signature="initilize()[pri:0, instance:com.autotest.tests.LoginPageTests@25641d39]" started-at="2024-07-16T17:05:47 IST" name="initilize" finished-at="2024-07-16T17:05:49 IST" duration-ms="2606" status="PASS">
          <reporter-output>
          </reporter-output>
        </test-method> <!-- initilize -->
        <test-method signature="ValidLoginwithStandardUser()[pri:1, instance:com.autotest.tests.LoginPageTests@25641d39]" started-at="2024-07-16T17:05:49 IST" name="ValidLoginwithStandardUser" finished-at="2024-07-16T17:05:50 IST" duration-ms="455" status="PASS">
          <reporter-output>
          </reporter-output>
        </test-method> <!-- ValidLoginwithStandardUser -->
        <test-method is-config="true" signature="terminate()[pri:0, instance:com.autotest.tests.LoginPageTests@25641d39]" started-at="2024-07-16T17:05:50 IST" name="terminate" finished-at="2024-07-16T17:05:50 IST" duration-ms="160" status="PASS">
          <reporter-output>
          </reporter-output>
        </test-method> <!-- terminate -->
        <test-method is-config="true" signature="initilize()[pri:0, instance:com.autotest.tests.LoginPageTests@25641d39]" started-at="2024-07-16T17:05:50 IST" name="initilize" finished-at="2024-07-16T17:05:52 IST" duration-ms="1812" status="PASS">
          <reporter-output>
          </reporter-output>
        </test-method> <!-- initilize -->
        <test-method signature="InvalidLoginWithIncorrectPassword()[pri:2, instance:com.autotest.tests.LoginPageTests@25641d39]" started-at="2024-07-16T17:05:52 IST" name="InvalidLoginWithIncorrectPassword" finished-at="2024-07-16T17:05:52 IST" duration-ms="409" status="PASS">
          <reporter-output>
          </reporter-output>
        </test-method> <!-- InvalidLoginWithIncorrectPassword -->
        <test-method is-config="true" signature="terminate()[pri:0, instance:com.autotest.tests.LoginPageTests@25641d39]" started-at="2024-07-16T17:05:52 IST" name="terminate" finished-at="2024-07-16T17:05:52 IST" duration-ms="149" status="PASS">
          <reporter-output>
          </reporter-output>
        </test-method> <!-- terminate -->
        <test-method is-config="true" signature="initilize()[pri:0, instance:com.autotest.tests.LoginPageTests@25641d39]" started-at="2024-07-16T17:05:52 IST" name="initilize" finished-at="2024-07-16T17:05:54 IST" duration-ms="1831" status="PASS">
          <reporter-output>
          </reporter-output>
        </test-method> <!-- initilize -->
        <test-method signature="InvalidLoginWithIncorrectUserName()[pri:3, instance:com.autotest.tests.LoginPageTests@25641d39]" started-at="2024-07-16T17:05:54 IST" name="InvalidLoginWithIncorrectUserName" finished-at="2024-07-16T17:05:54 IST" duration-ms="410" status="PASS">
          <reporter-output>
          </reporter-output>
        </test-method> <!-- InvalidLoginWithIncorrectUserName -->
        <test-method is-config="true" signature="terminate()[pri:0, instance:com.autotest.tests.LoginPageTests@25641d39]" started-at="2024-07-16T17:05:54 IST" name="terminate" finished-at="2024-07-16T17:05:55 IST" duration-ms="134" status="PASS">
          <reporter-output>
          </reporter-output>
        </test-method> <!-- terminate -->
        <test-method is-config="true" signature="initilize()[pri:0, instance:com.autotest.tests.LoginPageTests@25641d39]" started-at="2024-07-16T17:05:55 IST" name="initilize" finished-at="2024-07-16T17:05:56 IST" duration-ms="1867" status="PASS">
          <reporter-output>
          </reporter-output>
        </test-method> <!-- initilize -->
        <test-method signature="InvalidLoginWithLockedOutUser()[pri:4, instance:com.autotest.tests.LoginPageTests@25641d39]" started-at="2024-07-16T17:05:56 IST" name="InvalidLoginWithLockedOutUser" finished-at="2024-07-16T17:05:57 IST" duration-ms="419" status="PASS">
          <reporter-output>
          </reporter-output>
        </test-method> <!-- InvalidLoginWithLockedOutUser -->
        <test-method is-config="true" signature="terminate()[pri:0, instance:com.autotest.tests.LoginPageTests@25641d39]" started-at="2024-07-16T17:05:57 IST" name="terminate" finished-at="2024-07-16T17:05:57 IST" duration-ms="156" status="PASS">
          <reporter-output>
          </reporter-output>
        </test-method> <!-- terminate -->
        <test-method is-config="true" signature="initilize()[pri:0, instance:com.autotest.tests.LoginPageTests@25641d39]" started-at="2024-07-16T17:05:57 IST" name="initilize" finished-at="2024-07-16T17:05:59 IST" duration-ms="1782" status="PASS">
          <reporter-output>
          </reporter-output>
        </test-method> <!-- initilize -->
        <test-method signature="InvalidLoginWithEmptyFields()[pri:5, instance:com.autotest.tests.LoginPageTests@25641d39]" started-at="2024-07-16T17:05:59 IST" name="InvalidLoginWithEmptyFields" finished-at="2024-07-16T17:05:59 IST" duration-ms="183" status="PASS">
          <reporter-output>
          </reporter-output>
        </test-method> <!-- InvalidLoginWithEmptyFields -->
        <test-method is-config="true" signature="terminate()[pri:0, instance:com.autotest.tests.LoginPageTests@25641d39]" started-at="2024-07-16T17:05:59 IST" name="terminate" finished-at="2024-07-16T17:05:59 IST" duration-ms="148" status="PASS">
          <reporter-output>
          </reporter-output>
        </test-method> <!-- terminate -->
      </class> <!-- com.autotest.tests.LoginPageTests -->
    </test> <!-- LoginTests -->
  </suite> <!-- Suite -->
</testng-results>
