<?xml version="1.0" encoding="UTF-8"?>
<!-- Generated by org.testng.reporters.JUnitXMLReporter -->
<testsuite ignored="0" hostname="LAPTOP-08RTMETI" failures="0" tests="5" name="LoginTests" time="12.591" errors="0" timestamp="2024-07-16T17:05:59 IST">
  <testcase classname="com.autotest.tests.LoginPageTests" name="ValidLoginwithStandardUser" time="0.455"/>
  <testcase classname="com.autotest.tests.LoginPageTests" name="InvalidLoginWithIncorrectPassword" time="0.409"/>
  <testcase classname="com.autotest.tests.LoginPageTests" name="InvalidLoginWithIncorrectUserName" time="0.41"/>
  <testcase classname="com.autotest.tests.LoginPageTests" name="InvalidLoginWithLockedOutUser" time="0.419"/>
  <testcase classname="com.autotest.tests.LoginPageTests" name="InvalidLoginWithEmptyFields" time="0.183"/>
</testsuite> <!-- LoginTests -->
