<?xml version="1.0" encoding="UTF-8"?>
<!-- Generated by org.testng.reporters.JUnitXMLReporter -->
<testsuite ignored="4" hostname="LAPTOP-08RTMETI" failures="0" tests="1" name="Default test" time="3.216" errors="0" timestamp="2024-07-16T16:39:34 IST">
  <testcase classname="com.autotest.tests.LoginPageTests" name="InvalidLoginWithIncorrectPassword" time="0.443"/>
  <testcase classname="com.autotest.tests.LoginPageTests" name="InvalidLoginWithIncorrectUserName" time="0.0">
    <ignored/>
  </testcase> <!-- InvalidLoginWithIncorrectUserName -->
  <testcase classname="com.autotest.tests.LoginPageTests" name="InvalidLoginWithEmptyFields" time="0.0">
    <ignored/>
  </testcase> <!-- InvalidLoginWithEmptyFields -->
  <testcase classname="com.autotest.tests.LoginPageTests" name="ValidLoginwithStandardUser" time="0.0">
    <ignored/>
  </testcase> <!-- ValidLoginwithStandardUser -->
  <testcase classname="com.autotest.tests.LoginPageTests" name="InvalidLoginWithLockedOutUser" time="0.0">
    <ignored/>
  </testcase> <!-- InvalidLoginWithLockedOutUser -->
</testsuite> <!-- Default test -->
